app/build/intermediates/manifest_merge_blame_file/debug/manifest-merger-blame-debug-report.txt
1<?xml version="1.0" encoding="utf-8"?>
2<manifest xmlns:android="http://schemas.android.com/apk/res/android"
3    package="com.mascir.smartsensorfer"
4    android:versionCode="6"
5    android:versionName="1.0.2" >
6
7    <uses-sdk
8        android:minSdkVersion="19"
8-->src/main/AndroidManifest.xml
9        android:targetSdkVersion="30" />
9-->src/main/AndroidManifest.xml
10
11    <uses-permission android:name="android.permission.INTERNET" />
11-->src/main/AndroidManifest.xml:5:5-67
11-->src/main/AndroidManifest.xml:5:22-64
12    <uses-permission android:name="android.permission.ACCESS_NETWORK_STATE" />
12-->src/main/AndroidManifest.xml:6:5-79
12-->src/main/AndroidManifest.xml:6:22-76
13    <uses-permission android:name="android.permission.BLUETOOTH" />
13-->src/main/AndroidManifest.xml:7:5-68
13-->src/main/AndroidManifest.xml:7:22-65
14    <uses-permission android:name="android.permission.BLUETOOTH_ADMIN" />
14-->src/main/AndroidManifest.xml:8:5-74
14-->src/main/AndroidManifest.xml:8:22-71
15    <uses-permission android:name="android.permission.ACCESS_FINE_LOCATION" />
15-->src/main/AndroidManifest.xml:9:5-79
15-->src/main/AndroidManifest.xml:9:22-76
16    <uses-permission android:name="android.permission.ACCESS_COARSE_LOCATION" />
16-->src/main/AndroidManifest.xml:10:5-81
16-->src/main/AndroidManifest.xml:10:22-78
17
18    <uses-feature
18-->[com.google.android.gms:play-services-maps:18.0.0] AndroidManifest.xml:26:5-28:35
19        android:glEsVersion="0x00020000"
19-->[com.google.android.gms:play-services-maps:18.0.0] AndroidManifest.xml:27:9-41
20        android:required="true" />
20-->[com.google.android.gms:play-services-maps:18.0.0] AndroidManifest.xml:28:9-32
21
22    <queries>
22-->[com.google.android.gms:play-services-maps:18.0.0] AndroidManifest.xml:30:5-34:15
23
24        <!-- Needs to be explicitly declared on Android R+ -->
25        <package android:name="com.google.android.apps.maps" />
25-->[com.google.android.gms:play-services-maps:18.0.0] AndroidManifest.xml:33:9-64
25-->[com.google.android.gms:play-services-maps:18.0.0] AndroidManifest.xml:33:18-61
26    </queries>
27
28    <application
28-->src/main/AndroidManifest.xml:12:5-31:19
29        android:allowBackup="true"
29-->src/main/AndroidManifest.xml:13:9-35
30        android:appComponentFactory="androidx.core.app.CoreComponentFactory"
30-->[androidx.core:core:1.3.2] AndroidManifest.xml:24:18-86
31        android:debuggable="true"
32        android:icon="@drawable/logo"
32-->src/main/AndroidManifest.xml:14:9-38
33        android:label="PharmaTest"
33-->src/main/AndroidManifest.xml:15:9-35
34        android:roundIcon="@drawable/logo"
34-->src/main/AndroidManifest.xml:16:9-43
35        android:supportsRtl="true"
35-->src/main/AndroidManifest.xml:17:9-35
36        android:testOnly="true"
37        android:theme="@style/AppTheme"
37-->src/main/AndroidManifest.xml:18:9-40
38        android:usesCleartextTraffic="true" >
38-->src/main/AndroidManifest.xml:19:9-44
39        <activity android:name="com.mascir.smartsensorfer.Home" />
39-->src/main/AndroidManifest.xml:21:9-42
39-->src/main/AndroidManifest.xml:21:19-39
40        <activity android:name="com.mascir.smartsensorfer.Login" />
40-->src/main/AndroidManifest.xml:22:9-43
40-->src/main/AndroidManifest.xml:22:19-40
41        <activity android:name="com.mascir.smartsensorfer.SplashScreen" >
41-->src/main/AndroidManifest.xml:23:9-29:20
41-->src/main/AndroidManifest.xml:23:19-47
42            <intent-filter>
42-->src/main/AndroidManifest.xml:24:13-28:29
43                <action android:name="android.intent.action.MAIN" />
43-->src/main/AndroidManifest.xml:25:17-69
43-->src/main/AndroidManifest.xml:25:25-66
44
45                <category android:name="android.intent.category.LAUNCHER" />
45-->src/main/AndroidManifest.xml:27:17-77
45-->src/main/AndroidManifest.xml:27:27-74
46            </intent-filter>
47        </activity>
48
49        <!-- Needs to be explicitly declared on P+ -->
50        <uses-library
50-->[com.google.android.gms:play-services-maps:18.0.0] AndroidManifest.xml:39:9-41:40
51            android:name="org.apache.http.legacy"
51-->[com.google.android.gms:play-services-maps:18.0.0] AndroidManifest.xml:40:13-50
52            android:required="false" />
52-->[com.google.android.gms:play-services-maps:18.0.0] AndroidManifest.xml:41:13-37
53
54        <activity
54-->[com.google.android.gms:play-services-base:17.0.0] AndroidManifest.xml:23:9-26:75
55            android:name="com.google.android.gms.common.api.GoogleApiActivity"
55-->[com.google.android.gms:play-services-base:17.0.0] AndroidManifest.xml:24:13-79
56            android:exported="false"
56-->[com.google.android.gms:play-services-base:17.0.0] AndroidManifest.xml:25:13-37
57            android:theme="@android:style/Theme.Translucent.NoTitleBar" />
57-->[com.google.android.gms:play-services-base:17.0.0] AndroidManifest.xml:26:13-72
58
59        <meta-data
59-->[com.google.android.gms:play-services-basement:17.0.0] AndroidManifest.xml:23:9-25:69
60            android:name="com.google.android.gms.version"
60-->[com.google.android.gms:play-services-basement:17.0.0] AndroidManifest.xml:24:13-58
61            android:value="@integer/google_play_services_version" />
61-->[com.google.android.gms:play-services-basement:17.0.0] AndroidManifest.xml:25:13-66
62    </application>
63
64</manifest>